[debug] > Exec(;reload; set _root_.org.jetbrains.sbt.StructureKeys.sbtStructureOptions in Global := "download resolveClassifiers" ;*/*:dumpStructureTo C:/Users/Shiva/AppData/Local/Temp/sbt-structure2.xml; session clear-all ; set ideaPort in Global := 52074, None, None)
[debug] > Exec(reload, None, None)
[debug] > Exec(sbtStashOnFailure, None, None)
[debug] > Exec(onFailure loadFailed, None, None)
[debug] > Exec(loadp, None, None)
[info] welcome to sbt 1.4.9 (Oracle Corporation Java 1.8.0_271)
[debug]       Load.loadUnit: plugins took 60.9477ms
[debug]       Load.loadUnit: defsScala took 0.0088ms
[debug] [Loading] Scanning directory C:\Users\Shiva\.sbt\1.0\plugins
[debug] [Loading] Found non-root projects 
[debug] [Loading] Done in C:\Users\Shiva\.sbt\1.0\plugins, returning: ()
[debug] deducing auto plugins based on known facts Set(Atom(sbt.plugins.CorePlugin)) and clauses Clauses(List(Clause(Atom(sbt.plugins.JvmPlugin),Set(Atom(sbt.plugins.IvyPlugin))), Clause(Atom(sbt.ScriptedPlugin),Set(Atom(sbt.plugins.JvmPlugin))), Clause(Atom(sbt.plugins.SbtPlugin),Set(Atom(sbt.ScriptedPlugin))), Clause(Atom(sbt.plugins.SemanticdbPlugin),Set(Atom(sbt.plugins.JvmPlugin))), Clause(Atom(sbt.plugins.JUnitXmlReportPlugin),Set(Atom(sbt.plugins.JvmPlugin))), Clause(Atom(sbt.plugins.MiniDependencyTreePlugin),Set(Atom(sbt.plugins.JvmPlugin))), Clause(Atom(sbt.plugins.CorePlugin),Set(Atom(sbt.plugins.IvyPlugin))), Clause(Atom(sbt.plugins.IvyPlugin),Set(Atom(sbt.plugins.JvmPlugin))), Clause(Atom(sbt.plugins.JvmPlugin),Set(Atom(sbt.plugins.SemanticdbPlugin))), Clause(Atom(sbt.plugins.JvmPlugin),Set(Atom(sbt.plugins.JUnitXmlReportPlugin))), Clause(Atom(sbt.plugins.CorePlugin),Set(Atom(sbt.plugins.Giter8TemplatePlugin))), Clause(Atom(sbt.plugins.JvmPlugin),Set(Atom(sbt.plugins.MiniDependencyTreePlugin)))))
[debug]   :: deduced result: Matched(sbt.plugins.CorePlugin,sbt.plugins.Giter8TemplatePlugin,sbt.plugins.IvyPlugin,sbt.plugins.JvmPlugin,sbt.plugins.MiniDependencyTreePlugin,sbt.plugins.JUnitXmlReportPlugin,sbt.plugins.SemanticdbPlugin)
[debug] Plugins.deducer#function took 1.625 ms
[debug]           Load.resolveProject(global-plugins) took 1.6023ms
[debug]         Load.loadTransitive: finalizeProject(Project(id global-plugins, base: C:\Users\Shiva\.sbt\1.0\plugins, plugins: List(<none>))) took 3.6707ms
[debug] [Loading] Done in C:\Users\Shiva\.sbt\1.0\plugins, returning: (global-plugins)
[debug]       Load.loadUnit: loadedProjectsRaw took 4.8181ms
[debug]       Load.loadUnit: cleanEvalClasses took 0.011ms
[debug]     Load.loadUnit(file:/C:/Users/Shiva/.sbt/1.0/plugins/, ...) took 67.2922ms
[debug]   Load.apply: load took 69.9076ms
[debug]   Load.apply: resolveProjects took 1.5518ms
[debug]   Load.apply: finalTransforms took 71.3778ms
[debug]   Load.apply: config.delegates took 0.3739ms
[debug]   Load.apply: Def.make(settings)... took 228.8861ms
[debug]   Load.apply: structureIndex took 19.975ms
[debug]   Load.apply: mkStreams took 0.0038ms
[info] loading global plugins from C:\Users\Shiva\.sbt\1.0\plugins
[debug] Running task... Cancel: Signal, check cycles: false, forcegc: true
[debug] Load.defaultLoad until apply took 991.035ms
[debug]           Load.loadUnit: plugins took 34.8181ms
[debug]           Load.loadUnit: defsScala took 0.0054ms
[debug] [Loading] Scanning directory C:\Users\Shiva\IdeaProjects\new_one\project
[debug]             Load.loadUnit: mkEval took 0.3607ms
[debug] [Loading] Found non-root projects 
[debug] [Loading] Done in C:\Users\Shiva\IdeaProjects\new_one\project, returning: ()
[debug] deducing auto plugins based on known facts Set(Atom(sbt.plugins.CorePlugin)) and clauses Clauses(List(Clause(Atom(sbt.plugins.JvmPlugin),Set(Atom(sbt.plugins.IvyPlugin))), Clause(Atom(sbt.ScriptedPlugin),Set(Atom(sbt.plugins.JvmPlugin))), Clause(Atom(sbt.plugins.SbtPlugin),Set(Atom(sbt.ScriptedPlugin))), Clause(Atom(sbt.plugins.SemanticdbPlugin),Set(Atom(sbt.plugins.JvmPlugin))), Clause(Atom(sbt.plugins.JUnitXmlReportPlugin),Set(Atom(sbt.plugins.JvmPlugin))), Clause(Atom(sbt.plugins.MiniDependencyTreePlugin),Set(Atom(sbt.plugins.JvmPlugin))), Clause(Atom(sbt.plugins.CorePlugin),Set(Atom(sbt.plugins.IvyPlugin))), Clause(Atom(sbt.plugins.IvyPlugin),Set(Atom(sbt.plugins.JvmPlugin))), Clause(Atom(sbt.plugins.JvmPlugin),Set(Atom(sbt.plugins.SemanticdbPlugin))), Clause(Atom(sbt.plugins.JvmPlugin),Set(Atom(sbt.plugins.JUnitXmlReportPlugin))), Clause(Atom(sbt.plugins.CorePlugin),Set(Atom(sbt.plugins.Giter8TemplatePlugin))), Clause(Atom(sbt.plugins.JvmPlugin),Set(Atom(sbt.plugins.MiniDependencyTreePlugin)))))
[debug]   :: deduced result: Matched(sbt.plugins.CorePlugin,sbt.plugins.Giter8TemplatePlugin,sbt.plugins.IvyPlugin,sbt.plugins.JvmPlugin,sbt.plugins.MiniDependencyTreePlugin,sbt.plugins.JUnitXmlReportPlugin,sbt.plugins.SemanticdbPlugin)
[debug] Plugins.deducer#function took 1.7636 ms
[info] loading settings for project new_one-build from idea1.sbt ...
[debug]               Load.resolveProject(new_one-build) took 1.9373ms
[debug]             Load.loadTransitive: finalizeProject(Project(id new_one-build, base: C:\Users\Shiva\IdeaProjects\new_one\project, plugins: List(<none>))) took 4.141ms
[debug] [Loading] Done in C:\Users\Shiva\IdeaProjects\new_one\project, returning: (new_one-build)
[debug]           Load.loadUnit: loadedProjectsRaw took 30.877ms
[debug]           Load.loadUnit: cleanEvalClasses took 3.0658ms
[debug]         Load.loadUnit(file:/C:/Users/Shiva/IdeaProjects/new_one/project/, ...) took 69.7944ms
[debug]       Load.apply: load took 71.5597ms
[debug]       Load.apply: resolveProjects took 0.1314ms
[debug]       Load.apply: finalTransforms took 33.118ms
[debug]       Load.apply: config.delegates took 0.2655ms
[debug]       Load.apply: Def.make(settings)... took 346.0195ms
[debug]       Load.apply: structureIndex took 44.9166ms
[debug]       Load.apply: mkStreams took 0.003ms
[info] loading project definition from C:\Users\Shiva\IdeaProjects\new_one\project
[debug] Running task... Cancel: Signal, check cycles: false, forcegc: true
[debug]     Load.loadUnit: plugins took 1314.6206ms
[debug]     Load.loadUnit: defsScala took 0.003ms
[debug] [Loading] Scanning directory C:\Users\Shiva\IdeaProjects\new_one
[debug]       Load.loadUnit: mkEval took 0.3662ms
[debug] [Loading] Found non-root projects 
[debug] [Loading] Done in C:\Users\Shiva\IdeaProjects\new_one, returning: ()
[debug] deducing auto plugins based on known facts Set(Atom(sbt.plugins.CorePlugin)) and clauses Clauses(List(Clause(Atom(sbt.plugins.JvmPlugin),Set(Atom(sbt.plugins.IvyPlugin))), Clause(Atom(sbt.ScriptedPlugin),Set(Atom(sbt.plugins.JvmPlugin))), Clause(Atom(sbt.plugins.SbtPlugin),Set(Atom(sbt.ScriptedPlugin))), Clause(Atom(sbt.plugins.SemanticdbPlugin),Set(Atom(sbt.plugins.JvmPlugin))), Clause(Atom(sbt.plugins.JUnitXmlReportPlugin),Set(Atom(sbt.plugins.JvmPlugin))), Clause(Atom(sbt.plugins.MiniDependencyTreePlugin),Set(Atom(sbt.plugins.JvmPlugin))), Clause(Atom(org.jetbrains.sbt.StructurePlugin),Set(Atom(sbt.plugins.JvmPlugin))), Clause(Atom(org.jetbrains.sbt.IdeaShellPlugin),Set(Atom(sbt.plugins.JvmPlugin))), Clause(Atom(org.jetbrains.sbt.indices.SbtIntellijIndicesPlugin),Set(Atom(sbt.plugins.JvmPlugin))), Clause(Atom(sbt.plugins.CorePlugin),Set(Atom(sbt.plugins.IvyPlugin))), Clause(Atom(sbt.plugins.IvyPlugin),Set(Atom(sbt.plugins.JvmPlugin))), Clause(Atom(sbt.plugins.JvmPlugin),Set(Atom(sbt.plugins.SemanticdbPlugin))), Clause(Atom(sbt.plugins.JvmPlugin),Set(Atom(sbt.plugins.JUnitXmlReportPlugin))), Clause(Atom(sbt.plugins.CorePlugin),Set(Atom(sbt.plugins.Giter8TemplatePlugin))), Clause(Atom(sbt.plugins.JvmPlugin),Set(Atom(sbt.plugins.MiniDependencyTreePlugin))), Clause(Atom(sbt.plugins.JvmPlugin),Set(Atom(org.jetbrains.sbt.StructurePlugin))), Clause(Atom(sbt.plugins.JvmPlugin),Set(Atom(org.jetbrains.sbt.IdeaShellPlugin))), Clause(And(Set(Atom(sbt.plugins.CorePlugin), Atom(sbt.plugins.JvmPlugin))),Set(Atom(org.jetbrains.sbt.indices.SbtIntellijIndicesPlugin)))))
[debug]   :: deduced result: Matched(sbt.plugins.CorePlugin,sbt.plugins.Giter8TemplatePlugin,sbt.plugins.IvyPlugin,sbt.plugins.JvmPlugin,sbt.plugins.SemanticdbPlugin,org.jetbrains.sbt.indices.SbtIntellijIndicesPlugin,sbt.plugins.JUnitXmlReportPlugin,org.jetbrains.sbt.IdeaShellPlugin,org.jetbrains.sbt.StructurePlugin,sbt.plugins.MiniDependencyTreePlugin)
[debug] Plugins.deducer#function took 2.9503 ms
[info] loading settings for project new_one from build.sbt ...
[debug]         Load.resolveProject(new_one) took 273.4355ms
[debug]       Load.loadTransitive: finalizeProject(Project(id new_one, base: C:\Users\Shiva\IdeaProjects\new_one, plugins: List(<none>))) took 277.8342ms
[debug] [Loading] Done in C:\Users\Shiva\IdeaProjects\new_one, returning: (new_one)
[debug]     Load.loadUnit: loadedProjectsRaw took 448.4375ms
[debug]     Load.loadUnit: cleanEvalClasses took 28.3556ms
[debug]   Load.loadUnit(file:/C:/Users/Shiva/IdeaProjects/new_one/, ...) took 1791.9153ms
[debug] Load.apply: load took 1794.3838ms
[debug] Load.apply: resolveProjects took 0.1397ms
[debug] Load.apply: finalTransforms took 34.5897ms
[debug] Load.apply: config.delegates took 0.2907ms
[debug] Load.apply: Def.make(settings)... took 65.2166ms
[debug] Load.apply: structureIndex took 21.0422ms
[debug] Load.apply: mkStreams took 0.0033ms
[warn] Discarding 1 session setting.  Use 'session save' to persist session settings.
[info] set current project to new_one (in build file:/C:/Users/Shiva/IdeaProjects/new_one/)
[debug] > Exec(sbtPopOnFailure, None, None)
[debug] > Exec(resumeFromFailure, None, None)
[debug] > Exec(set _root_.org.jetbrains.sbt.StructureKeys.sbtStructureOptions in Global := "download resolveClassifiers", None, None)
[info] Defining Global / sbtStructureOptions
[info] The new value will be used by Global / ssOptions
[debug] Defining 
[debug] 	Global / sbtStructureOptions
[debug] 
[debug] The new value will be used by 
[debug] 	Global / ssOptions
[info] Reapplying settings...
[info] set current project to new_one (in build file:/C:/Users/Shiva/IdeaProjects/new_one/)
[debug] > Exec(*/*:dumpStructureTo C:/Users/Shiva/AppData/Local/Temp/sbt-structure2.xml, None, None)
[debug] Evaluating tasks: Global / dumpStructureTo
[debug] Running task... Cancel: Signal, check cycles: false, forcegc: true
[info] Writing structure to C:\Users\Shiva\AppData\Local\Temp\sbt-structure2.xml...
[info] Done.
[success] Total time: 9 s, completed 26 Apr, 2021 10:19:54 PM
[debug] > Exec(session clear-all, None, None)
[info] Reapplying settings...
[info] set current project to new_one (in build file:/C:/Users/Shiva/IdeaProjects/new_one/)
[debug] > Exec(set ideaPort in Global := 52074, None, None)
[info] Defining Global / ideaPort
[info] The new value will be used by Compile / compile, Test / compile
[debug] Defining 
[debug] 	Global / ideaPort
[debug] 
[debug] The new value will be used by 
[debug] 	Compile / compile
[debug] 	Test / compile
[info] Reapplying settings...
[info] set current project to new_one (in build file:/C:/Users/Shiva/IdeaProjects/new_one/)
[debug] > Exec(idea-shell, None, None)
[debug] > Exec(, None, None)
[debug] > Exec(idea-shell, None, None)
